Using pre-set license
Built from '2021.3/staging' branch; Version is '2021.3.10f1 (1c7d0df0160b) revision 1867021'; Using compiler version '192829333'; Build Type 'Release'
OS: 'Windows 10  (10.0.19044) 64bit CoreSingleLanguage' Language: 'es' Physical Memory: 16085 MB
BatchMode: 1, IsHumanControllingUs: 0, StartBugReporterOnCrash: 0, Is64bit: 1, IsPro: 1

COMMAND LINE ARGUMENTS:
C:\Program Files\Unity\Hub\Editor\2021.3.10f1\Editor\Unity.exe
-adb2
-batchMode
-noUpm
-name
AssetImportWorker4
-projectPath
C:/Repos/TileVania/TileVania
-logFile
Logs/AssetImportWorker4.log
-srvPort
60267
Successfully changed project path to: C:/Repos/TileVania/TileVania
C:/Repos/TileVania/TileVania
[UnityMemory] Configuration Parameters - Can be set up in boot.config
    "memorysetup-bucket-allocator-granularity=16"
    "memorysetup-bucket-allocator-bucket-count=8"
    "memorysetup-bucket-allocator-block-size=33554432"
    "memorysetup-bucket-allocator-block-count=8"
    "memorysetup-main-allocator-block-size=16777216"
    "memorysetup-thread-allocator-block-size=16777216"
    "memorysetup-gfx-main-allocator-block-size=16777216"
    "memorysetup-gfx-thread-allocator-block-size=16777216"
    "memorysetup-cache-allocator-block-size=4194304"
    "memorysetup-typetree-allocator-block-size=2097152"
    "memorysetup-profiler-bucket-allocator-granularity=16"
    "memorysetup-profiler-bucket-allocator-bucket-count=8"
    "memorysetup-profiler-bucket-allocator-block-size=33554432"
    "memorysetup-profiler-bucket-allocator-block-count=8"
    "memorysetup-profiler-allocator-block-size=16777216"
    "memorysetup-profiler-editor-allocator-block-size=1048576"
    "memorysetup-temp-allocator-size-main=16777216"
    "memorysetup-job-temp-allocator-block-size=2097152"
    "memorysetup-job-temp-allocator-block-size-background=1048576"
    "memorysetup-job-temp-allocator-reduction-small-platforms=262144"
    "memorysetup-temp-allocator-size-background-worker=32768"
    "memorysetup-temp-allocator-size-job-worker=262144"
    "memorysetup-temp-allocator-size-preload-manager=33554432"
    "memorysetup-temp-allocator-size-nav-mesh-worker=65536"
    "memorysetup-temp-allocator-size-audio-worker=65536"
    "memorysetup-temp-allocator-size-cloud-worker=32768"
    "memorysetup-temp-allocator-size-gi-baking-worker=262144"
    "memorysetup-temp-allocator-size-gfx=262144"
Refreshing native plugins compatible for Editor in 69.88 ms, found 4 plugins.
Preloading 0 native plugins for Editor in 0.00 ms.
Initialize engine version: 2021.3.10f1 (1c7d0df0160b)
[Subsystems] Discovering subsystems at path C:/Program Files/Unity/Hub/Editor/2021.3.10f1/Editor/Data/Resources/UnitySubsystems
[Subsystems] Discovering subsystems at path C:/Repos/TileVania/TileVania/Assets
GfxDevice: creating device client; threaded=0; jobified=0
Direct3D:
    Version:  Direct3D 11.0 [level 11.1]
    Renderer: NVIDIA GeForce RTX 3050 Ti Laptop GPU (ID=0x25a0)
    Vendor:   NVIDIA
    VRAM:     3990 MB
    Driver:   31.0.15.1748
Initialize mono
Mono path[0] = 'C:/Program Files/Unity/Hub/Editor/2021.3.10f1/Editor/Data/Managed'
Mono path[1] = 'C:/Program Files/Unity/Hub/Editor/2021.3.10f1/Editor/Data/MonoBleedingEdge/lib/mono/unityjit-win32'
Mono config path = 'C:/Program Files/Unity/Hub/Editor/2021.3.10f1/Editor/Data/MonoBleedingEdge/etc'
Using monoOptions --debugger-agent=transport=dt_socket,embedding=1,server=y,suspend=n,address=127.0.0.1:56028
Begin MonoManager ReloadAssembly
Registering precompiled unity dll's ...
Register platform support module: C:/Program Files/Unity/Hub/Editor/2021.3.10f1/Editor/Data/PlaybackEngines/WebGLSupport/UnityEditor.WebGL.Extensions.dll
Register platform support module: C:/Program Files/Unity/Hub/Editor/2021.3.10f1/Editor/Data/PlaybackEngines/AndroidPlayer/UnityEditor.Android.Extensions.dll
Register platform support module: C:/Program Files/Unity/Hub/Editor/2021.3.10f1/Editor/Data/PlaybackEngines/WindowsStandaloneSupport/UnityEditor.WindowsStandalone.Extensions.dll
Register platform support module: C:/Program Files/Unity/Hub/Editor/2021.3.10f1/Editor/Data/PlaybackEngines/MetroSupport/UnityEditor.UWP.Extensions.dll
Registered in 0.007429 seconds.
Native extension for UWP target not found
Native extension for WindowsStandalone target not found
Native extension for Android target not found
Native extension for WebGL target not found
Refreshing native plugins compatible for Editor in 71.68 ms, found 4 plugins.
Preloading 0 native plugins for Editor in 0.00 ms.
Mono: successfully reloaded assembly
- Completed reload, in  0.515 seconds
Domain Reload Profiling:
	ReloadAssembly (515ms)
		BeginReloadAssembly (57ms)
			ExecutionOrderSort (0ms)
			DisableScriptedObjects (0ms)
			BackupInstance (0ms)
			ReleaseScriptingObjects (0ms)
			CreateAndSetChildDomain (1ms)
		EndReloadAssembly (371ms)
			LoadAssemblies (56ms)
			RebuildTransferFunctionScriptingTraits (0ms)
			SetupTypeCache (80ms)
			ReleaseScriptCaches (0ms)
			RebuildScriptCaches (21ms)
			SetupLoadedEditorAssemblies (231ms)
				LogAssemblyErrors (0ms)
				InitializePlatformSupportModulesInManaged (42ms)
				SetLoadedEditorAssemblies (1ms)
				RefreshPlugins (72ms)
				BeforeProcessingInitializeOnLoad (2ms)
				ProcessInitializeOnLoadAttributes (78ms)
				ProcessInitializeOnLoadMethodAttributes (35ms)
				AfterProcessingInitializeOnLoad (0ms)
				EditorAssembliesLoaded (0ms)
			ExecutionOrderSort2 (0ms)
			AwakeInstancesAfterBackupRestoration (0ms)
Platform modules already initialized, skipping
Registering precompiled user dll's ...
Registered in 0.005976 seconds.
Begin MonoManager ReloadAssembly
Symbol file LoadedFromMemory doesn't match image C:\Repos\TileVania\TileVania\Library\PackageCache\com.unity.visualscripting@1.7.8\Editor\VisualScripting.Core\Dependencies\YamlDotNet\Unity.VisualScripting.YamlDotNet.dll
Symbol file LoadedFromMemory doesn't match image C:\Repos\TileVania\TileVania\Library\PackageCache\com.unity.visualscripting@1.7.8\Editor\VisualScripting.Core\Dependencies\DotNetZip\Unity.VisualScripting.IonicZip.dll
Native extension for UWP target not found
Native extension for WindowsStandalone target not found
Native extension for Android target not found
Native extension for WebGL target not found
Refreshing native plugins compatible for Editor in 66.54 ms, found 4 plugins.
Preloading 0 native plugins for Editor in 0.00 ms.
Mono: successfully reloaded assembly
- Completed reload, in  1.005 seconds
Domain Reload Profiling:
	ReloadAssembly (1006ms)
		BeginReloadAssembly (192ms)
			ExecutionOrderSort (0ms)
			DisableScriptedObjects (5ms)
			BackupInstance (0ms)
			ReleaseScriptingObjects (0ms)
			CreateAndSetChildDomain (121ms)
		EndReloadAssembly (727ms)
			LoadAssemblies (71ms)
			RebuildTransferFunctionScriptingTraits (0ms)
			SetupTypeCache (181ms)
			ReleaseScriptCaches (1ms)
			RebuildScriptCaches (45ms)
			SetupLoadedEditorAssemblies (390ms)
				LogAssemblyErrors (0ms)
				InitializePlatformSupportModulesInManaged (14ms)
				SetLoadedEditorAssemblies (0ms)
				RefreshPlugins (67ms)
				BeforeProcessingInitializeOnLoad (83ms)
				ProcessInitializeOnLoadAttributes (188ms)
				ProcessInitializeOnLoadMethodAttributes (31ms)
				AfterProcessingInitializeOnLoad (7ms)
				EditorAssembliesLoaded (0ms)
			ExecutionOrderSort2 (0ms)
			AwakeInstancesAfterBackupRestoration (4ms)
Platform modules already initialized, skipping
========================================================================
Worker process is ready to serve import requests
Launched and connected shader compiler UnityShaderCompiler.exe after 0.03 seconds
Refreshing native plugins compatible for Editor in 0.67 ms, found 4 plugins.
Preloading 0 native plugins for Editor in 0.00 ms.
Unloading 4068 Unused Serialized files (Serialized files now loaded: 0)
Unloading 44 unused Assets / (229.4 KB). Loaded Objects now: 4520.
Memory consumption went from 151.4 MB to 151.2 MB.
Total: 3.281500 ms (FindLiveObjects: 0.294600 ms CreateObjectMapping: 0.144200 ms MarkObjects: 2.698500 ms  DeleteObjects: 0.143300 ms)

AssetImportParameters requested are different than current active one (requested -> active):
  custom:video-decoder-ogg-theora: a1e56fd34408186e4bbccfd4996cb3dc -> 
  custom:container-muxer-webm: aa71ff27fc2769a1b78a27578f13a17b -> 
  custom:container-demuxer-webm: 4f35f7cbe854078d1ac9338744f61a02 -> 
  custom:video-encoder-webm-vp8: eb34c28f22e8b96e1ab97ce403110664 -> 
  custom:audio-encoder-webm-vorbis: bf7c407c2cedff20999df2af8eb42d56 -> 
  custom:framework-win-MediaFoundation: 216162199b28c13a410421893ffa2e32 -> 
  custom:container-demuxer-ogg: 62fdf1f143b41e24485cea50d1cbac27 -> 
  custom:video-decoder-webm-vp8: 9c59270c3fd7afecdb556c50c9e8de78 -> 
  custom:audio-decoder-ogg-vorbis: bf7c407c2cedff20999df2af8eb42d56 -> 
========================================================================
Received Import Request.
  Time since last request: 522312.920929 seconds.
  path: Assets/_Tiles/SPA_Background brown tint_13.asset
  artifactKey: Guid(ea643ffc27249b74b9c370b42255bdea) Importer(815301076,1909f56bfc062723c751e8b465ee728b)
Start importing Assets/_Tiles/SPA_Background brown tint_13.asset using Guid(ea643ffc27249b74b9c370b42255bdea) Importer(815301076,1909f56bfc062723c751e8b465ee728b)  -> (artifact id: '7c935f5e88ecc0385b0224691d6782ae') in 0.047709 seconds 
========================================================================
Received Import Request.
  Time since last request: 0.027609 seconds.
  path: Assets/_Tiles/SPA_Background brown tint_15.asset
  artifactKey: Guid(8466d2f2413d99b4b8eaf39a61de6985) Importer(815301076,1909f56bfc062723c751e8b465ee728b)
Start importing Assets/_Tiles/SPA_Background brown tint_15.asset using Guid(8466d2f2413d99b4b8eaf39a61de6985) Importer(815301076,1909f56bfc062723c751e8b465ee728b)  -> (artifact id: '9c693a6dc084439f41f3e19ff03e5006') in 0.008546 seconds 
========================================================================
Received Import Request.
  Time since last request: 4.226254 seconds.
  path: Assets/_Tiles/Platforms Palette.prefab
  artifactKey: Guid(2c86f25cce8cfaa46a7bb91a66cf435b) Importer(815301076,1909f56bfc062723c751e8b465ee728b)
Start importing Assets/_Tiles/Platforms Palette.prefab using Guid(2c86f25cce8cfaa46a7bb91a66cf435b) Importer(815301076,1909f56bfc062723c751e8b465ee728b)  -> (artifact id: 'b8b793de27bb6203288075b081a36613') in 0.052263 seconds 
========================================================================
Received Import Request.
  Time since last request: 1064.085871 seconds.
  path: Assets/_Tiles/SPA_Rock_Grass_Water_3.asset
  artifactKey: Guid(85a057bc4ba350b419e1d5002de95a57) Importer(815301076,1909f56bfc062723c751e8b465ee728b)
Start importing Assets/_Tiles/SPA_Rock_Grass_Water_3.asset using Guid(85a057bc4ba350b419e1d5002de95a57) Importer(815301076,1909f56bfc062723c751e8b465ee728b)  -> (artifact id: '6e086d02788bd12deb19acec571e6532') in 0.010035 seconds 
========================================================================
Received Import Request.
  Time since last request: 0.000025 seconds.
  path: Assets/_Tiles/SPA_Rock_Grass_Water_7.asset
  artifactKey: Guid(af5eac9c18cac5e46aaf4fb26a8beac1) Importer(815301076,1909f56bfc062723c751e8b465ee728b)
Start importing Assets/_Tiles/SPA_Rock_Grass_Water_7.asset using Guid(af5eac9c18cac5e46aaf4fb26a8beac1) Importer(815301076,1909f56bfc062723c751e8b465ee728b)  -> (artifact id: 'b5260fcb06303af77934d22e867e2db1') in 0.007467 seconds 
========================================================================
Received Import Request.
  Time since last request: 0.000023 seconds.
  path: Assets/_Tiles/SPA_Rock_Grass_Water_10.asset
  artifactKey: Guid(6c3213f2cd4fef542a2489fa44bf594e) Importer(815301076,1909f56bfc062723c751e8b465ee728b)
Start importing Assets/_Tiles/SPA_Rock_Grass_Water_10.asset using Guid(6c3213f2cd4fef542a2489fa44bf594e) Importer(815301076,1909f56bfc062723c751e8b465ee728b)  -> (artifact id: '29e0c69c3d4b3a401f100aa450af74f8') in 0.007418 seconds 
========================================================================
Received Import Request.
  Time since last request: 0.000034 seconds.
  path: Assets/_Tiles/SPA_Rock_Grass_Water_5.asset
  artifactKey: Guid(4ec9f0bafd730e04f8a1c20f2d01adc8) Importer(815301076,1909f56bfc062723c751e8b465ee728b)
Start importing Assets/_Tiles/SPA_Rock_Grass_Water_5.asset using Guid(4ec9f0bafd730e04f8a1c20f2d01adc8) Importer(815301076,1909f56bfc062723c751e8b465ee728b)  -> (artifact id: 'd633927abeb01be81a70ed983fd3a86c') in 0.006561 seconds 
========================================================================
Received Import Request.
  Time since last request: 0.956887 seconds.
  path: Assets/_Tiles/SPA_Rock_Grass_Water_2.asset
  artifactKey: Guid(67ba8787503816d48a407ec060725ca8) Importer(815301076,1909f56bfc062723c751e8b465ee728b)
Start importing Assets/_Tiles/SPA_Rock_Grass_Water_2.asset using Guid(67ba8787503816d48a407ec060725ca8) Importer(815301076,1909f56bfc062723c751e8b465ee728b)  -> (artifact id: '3b5834571c3972f88753d0355d30c2fe') in 0.008353 seconds 
========================================================================
Received Import Request.
  Time since last request: 0.031259 seconds.
  path: Assets/_Tiles/SPA_Rock_Grass_Water_1.asset
  artifactKey: Guid(b0074e1950075b04482153befc941d42) Importer(815301076,1909f56bfc062723c751e8b465ee728b)
Start importing Assets/_Tiles/SPA_Rock_Grass_Water_1.asset using Guid(b0074e1950075b04482153befc941d42) Importer(815301076,1909f56bfc062723c751e8b465ee728b)  -> (artifact id: '1c169244ca5d736ad418d4519a72e0bc') in 0.007904 seconds 
========================================================================
Received Import Request.
  Time since last request: 0.051936 seconds.
  path: Assets/_Tiles/SPA_Rock_Grass_Water_0.asset
  artifactKey: Guid(0427abeb65e78794eb538c022dda86ee) Importer(815301076,1909f56bfc062723c751e8b465ee728b)
Start importing Assets/_Tiles/SPA_Rock_Grass_Water_0.asset using Guid(0427abeb65e78794eb538c022dda86ee) Importer(815301076,1909f56bfc062723c751e8b465ee728b)  -> (artifact id: '8a2600c0798897ee6051a45880a793e2') in 0.006937 seconds 
========================================================================
Received Import Request.
  Time since last request: 0.019869 seconds.
  path: Assets/_Tiles/Platforms Palette.prefab
  artifactKey: Guid(2c86f25cce8cfaa46a7bb91a66cf435b) Importer(815301076,1909f56bfc062723c751e8b465ee728b)
Start importing Assets/_Tiles/Platforms Palette.prefab using Guid(2c86f25cce8cfaa46a7bb91a66cf435b) Importer(815301076,1909f56bfc062723c751e8b465ee728b)  -> (artifact id: '88e956f915ad8f8b3dc014a4c50fe329') in 0.022195 seconds 
========================================================================
Received Import Request.
  Time since last request: 34.703589 seconds.
  path: Assets/_Tiles/SPA_Rock_Grass_Water_11.asset
  artifactKey: Guid(7c855299a680c5045a15c93fe48972fd) Importer(815301076,1909f56bfc062723c751e8b465ee728b)
Start importing Assets/_Tiles/SPA_Rock_Grass_Water_11.asset using Guid(7c855299a680c5045a15c93fe48972fd) Importer(815301076,1909f56bfc062723c751e8b465ee728b)  -> (artifact id: '6301da457fd2734827147e7f244db934') in 0.007698 seconds 
========================================================================
Received Import Request.
  Time since last request: 0.365512 seconds.
  path: Assets/_Tiles/SPA_Rock_Grass_Water_12.asset
  artifactKey: Guid(015adba01aaaeac42a2fa6b3193f9dda) Importer(815301076,1909f56bfc062723c751e8b465ee728b)
Start importing Assets/_Tiles/SPA_Rock_Grass_Water_12.asset using Guid(015adba01aaaeac42a2fa6b3193f9dda) Importer(815301076,1909f56bfc062723c751e8b465ee728b)  -> (artifact id: '31b645eb5fe09ab723bd9b78e9363705') in 0.006249 seconds 
========================================================================
Received Import Request.
  Time since last request: 0.020115 seconds.
  path: Assets/_Tiles/SPA_Rock_Grass_Water_13.asset
  artifactKey: Guid(d6a7fcc6e415d05409c483a8412337ba) Importer(815301076,1909f56bfc062723c751e8b465ee728b)
Start importing Assets/_Tiles/SPA_Rock_Grass_Water_13.asset using Guid(d6a7fcc6e415d05409c483a8412337ba) Importer(815301076,1909f56bfc062723c751e8b465ee728b)  -> (artifact id: '5b783ed7993cbfa8cf6e06cf14c2aeb7') in 0.006378 seconds 
========================================================================
Received Import Request.
  Time since last request: 0.018498 seconds.
  path: Assets/_Tiles/SPA_Rock_Grass_Water_14.asset
  artifactKey: Guid(ca3165a4eb6e7844aa4dd22a335064cb) Importer(815301076,1909f56bfc062723c751e8b465ee728b)
Start importing Assets/_Tiles/SPA_Rock_Grass_Water_14.asset using Guid(ca3165a4eb6e7844aa4dd22a335064cb) Importer(815301076,1909f56bfc062723c751e8b465ee728b)  -> (artifact id: 'e5b7108cbb11afae684f454dca9637ed') in 0.006927 seconds 
========================================================================
Received Import Request.
  Time since last request: 0.017154 seconds.
  path: Assets/_Tiles/SPA_Rock_Grass_Water_15.asset
  artifactKey: Guid(d381452a59f2eeb4bb4ef7a06c04db4e) Importer(815301076,1909f56bfc062723c751e8b465ee728b)
Start importing Assets/_Tiles/SPA_Rock_Grass_Water_15.asset using Guid(d381452a59f2eeb4bb4ef7a06c04db4e) Importer(815301076,1909f56bfc062723c751e8b465ee728b)  -> (artifact id: '55d72804c75f322dd20c554c69a2727a') in 0.006295 seconds 
========================================================================
Received Import Request.
  Time since last request: 0.018944 seconds.
  path: Assets/_Tiles/SPA_Rock_Grass_Water_16.asset
  artifactKey: Guid(8175253f4c8d85849831273df03f61d7) Importer(815301076,1909f56bfc062723c751e8b465ee728b)
Start importing Assets/_Tiles/SPA_Rock_Grass_Water_16.asset using Guid(8175253f4c8d85849831273df03f61d7) Importer(815301076,1909f56bfc062723c751e8b465ee728b)  -> (artifact id: 'cd5d30de748b062ac8e57678dcd9b394') in 0.006204 seconds 
========================================================================
Received Import Request.
  Time since last request: 0.336507 seconds.
  path: Assets/_Tiles/SPA_Rock_Grass_Water_17.asset
  artifactKey: Guid(ed79818f76e3f9b4ab26d700bcb0078b) Importer(815301076,1909f56bfc062723c751e8b465ee728b)
Start importing Assets/_Tiles/SPA_Rock_Grass_Water_17.asset using Guid(ed79818f76e3f9b4ab26d700bcb0078b) Importer(815301076,1909f56bfc062723c751e8b465ee728b)  -> (artifact id: 'f0517e7a2a3c993083bf3d5bab35d352') in 0.006126 seconds 
========================================================================
Received Import Request.
  Time since last request: 0.022144 seconds.
  path: Assets/_Tiles/SPA_Rock_Grass_Water_18.asset
  artifactKey: Guid(c5af9c3f59338604c90a804704c6041c) Importer(815301076,1909f56bfc062723c751e8b465ee728b)
Start importing Assets/_Tiles/SPA_Rock_Grass_Water_18.asset using Guid(c5af9c3f59338604c90a804704c6041c) Importer(815301076,1909f56bfc062723c751e8b465ee728b)  -> (artifact id: 'a2eb89950ae9602973fcad2305681aea') in 0.006596 seconds 
========================================================================
Received Import Request.
  Time since last request: 0.000015 seconds.
  path: Assets/_Tiles/SPA_Rock_Grass_Water_19.asset
  artifactKey: Guid(9734a69b5234252458244c6229b3e7d0) Importer(815301076,1909f56bfc062723c751e8b465ee728b)
Start importing Assets/_Tiles/SPA_Rock_Grass_Water_19.asset using Guid(9734a69b5234252458244c6229b3e7d0) Importer(815301076,1909f56bfc062723c751e8b465ee728b)  -> (artifact id: '7efdb7f868ea9afc8204c97b18cb4091') in 0.006297 seconds 
========================================================================
Received Import Request.
  Time since last request: 0.014195 seconds.
  path: Assets/_Tiles/SPA_Rock_Grass_Water_20.asset
  artifactKey: Guid(d346c74ff410d424e907bb02281fed58) Importer(815301076,1909f56bfc062723c751e8b465ee728b)
Start importing Assets/_Tiles/SPA_Rock_Grass_Water_20.asset using Guid(d346c74ff410d424e907bb02281fed58) Importer(815301076,1909f56bfc062723c751e8b465ee728b)  -> (artifact id: '7b4a112970600ae7a3eebb6d8b7c6690') in 0.006498 seconds 
========================================================================
Received Import Request.
  Time since last request: 0.007604 seconds.
  path: Assets/_Tiles/SPA_Rock_Grass_Water_21.asset
  artifactKey: Guid(bb8fe276d2f6e6d4890d54ced687c347) Importer(815301076,1909f56bfc062723c751e8b465ee728b)
Start importing Assets/_Tiles/SPA_Rock_Grass_Water_21.asset using Guid(bb8fe276d2f6e6d4890d54ced687c347) Importer(815301076,1909f56bfc062723c751e8b465ee728b)  -> (artifact id: '2feca89b4b58650c6b0088b6b9d25c58') in 0.006187 seconds 
========================================================================
Received Import Request.
  Time since last request: 0.007103 seconds.
  path: Assets/_Tiles/SPA_Rock_Grass_Water_22.asset
  artifactKey: Guid(8f30af9b5e2892d42922866ade90743b) Importer(815301076,1909f56bfc062723c751e8b465ee728b)
Start importing Assets/_Tiles/SPA_Rock_Grass_Water_22.asset using Guid(8f30af9b5e2892d42922866ade90743b) Importer(815301076,1909f56bfc062723c751e8b465ee728b)  -> (artifact id: '1a86521884edff6726ef1497cdcbe56d') in 0.006435 seconds 
========================================================================
Received Import Request.
  Time since last request: 0.007107 seconds.
  path: Assets/_Tiles/SPA_Rock_Grass_Water_23.asset
  artifactKey: Guid(8f337dcbec281c04fab6c363ef150838) Importer(815301076,1909f56bfc062723c751e8b465ee728b)
Start importing Assets/_Tiles/SPA_Rock_Grass_Water_23.asset using Guid(8f337dcbec281c04fab6c363ef150838) Importer(815301076,1909f56bfc062723c751e8b465ee728b)  -> (artifact id: 'f780164b50ace54232aba37d6fc71415') in 0.006272 seconds 
========================================================================
Received Import Request.
  Time since last request: 0.335054 seconds.
  path: Assets/_Tiles/SPA_Rock_Grass_Water_24.asset
  artifactKey: Guid(001e568d8c613fd43bc8acdb032ce434) Importer(815301076,1909f56bfc062723c751e8b465ee728b)
Start importing Assets/_Tiles/SPA_Rock_Grass_Water_24.asset using Guid(001e568d8c613fd43bc8acdb032ce434) Importer(815301076,1909f56bfc062723c751e8b465ee728b)  -> (artifact id: '04e32e8d7045d082994f246ed788227f') in 0.006180 seconds 
========================================================================
Received Import Request.
  Time since last request: 0.030856 seconds.
  path: Assets/_Tiles/SPA_Rock_Grass_Water_25.asset
  artifactKey: Guid(6151c6efb39ef2f428749d7d7b4adfef) Importer(815301076,1909f56bfc062723c751e8b465ee728b)
Start importing Assets/_Tiles/SPA_Rock_Grass_Water_25.asset using Guid(6151c6efb39ef2f428749d7d7b4adfef) Importer(815301076,1909f56bfc062723c751e8b465ee728b)  -> (artifact id: '449553639d6490cedbf0aa23355d0c00') in 0.006276 seconds 
========================================================================
Received Import Request.
  Time since last request: 0.036691 seconds.
  path: Assets/_Tiles/SPA_Rock_Grass_Water_27.asset
  artifactKey: Guid(a70ed0a7d2244334aba16570cd64cf36) Importer(815301076,1909f56bfc062723c751e8b465ee728b)
Start importing Assets/_Tiles/SPA_Rock_Grass_Water_27.asset using Guid(a70ed0a7d2244334aba16570cd64cf36) Importer(815301076,1909f56bfc062723c751e8b465ee728b)  -> (artifact id: '912e18540dfa374b7b4bd37f851b7b69') in 0.006164 seconds 
========================================================================
Received Import Request.
  Time since last request: 0.008161 seconds.
  path: Assets/_Tiles/SPA_Rock_Grass_Water_28.asset
  artifactKey: Guid(a45953a84694c834ab52f4df351903f7) Importer(815301076,1909f56bfc062723c751e8b465ee728b)
Start importing Assets/_Tiles/SPA_Rock_Grass_Water_28.asset using Guid(a45953a84694c834ab52f4df351903f7) Importer(815301076,1909f56bfc062723c751e8b465ee728b)  -> (artifact id: 'e84e2241323d47093711e7dfd9814d84') in 0.006277 seconds 
========================================================================
Received Import Request.
  Time since last request: 0.006315 seconds.
  path: Assets/_Tiles/SPA_Rock_Grass_Water_29.asset
  artifactKey: Guid(5eadadcac0617694b9d124e3aea5d197) Importer(815301076,1909f56bfc062723c751e8b465ee728b)
Start importing Assets/_Tiles/SPA_Rock_Grass_Water_29.asset using Guid(5eadadcac0617694b9d124e3aea5d197) Importer(815301076,1909f56bfc062723c751e8b465ee728b)  -> (artifact id: '6dc67069792ebdeafb88d15c9ca5bf44') in 0.006219 seconds 
========================================================================
Received Import Request.
  Time since last request: 109.793017 seconds.
  path: Assets/_Tiles/Background Palette.prefab
  artifactKey: Guid(9f1e8a259eac0ad42a4d28c95a0f971e) Importer(815301076,1909f56bfc062723c751e8b465ee728b)
Start importing Assets/_Tiles/Background Palette.prefab using Guid(9f1e8a259eac0ad42a4d28c95a0f971e) Importer(815301076,1909f56bfc062723c751e8b465ee728b)  -> (artifact id: 'ac41f1c24b7ce31cf381a0208f95d409') in 0.014161 seconds 
========================================================================
Received Import Request.
  Time since last request: 276.862933 seconds.
  path: ProjectSettings/TagManager.asset
  artifactKey: Guid(00000000000000003000000000000000) Importer(815301076,1909f56bfc062723c751e8b465ee728b)
Start importing ProjectSettings/TagManager.asset using Guid(00000000000000003000000000000000) Importer(815301076,1909f56bfc062723c751e8b465ee728b)  -> (artifact id: '5f74b9f0782f3ffe8a654b2b60a9f33c') in 0.002914 seconds 
========================================================================
Received Import Request.
  Time since last request: 93.242951 seconds.
  path: Assets/_Tiles/Background Palette.prefab
  artifactKey: Guid(9f1e8a259eac0ad42a4d28c95a0f971e) Importer(815301076,1909f56bfc062723c751e8b465ee728b)
Start importing Assets/_Tiles/Background Palette.prefab using Guid(9f1e8a259eac0ad42a4d28c95a0f971e) Importer(815301076,1909f56bfc062723c751e8b465ee728b)  -> (artifact id: '4374a12b5e5dbeeb991d822b8f21071a') in 0.018696 seconds 
========================================================================
Received Prepare
Registering precompiled user dll's ...
Registered in 0.009354 seconds.
Begin MonoManager ReloadAssembly
Symbol file LoadedFromMemory doesn't match image C:\Repos\TileVania\TileVania\Library\PackageCache\com.unity.visualscripting@1.7.8\Editor\VisualScripting.Core\Dependencies\YamlDotNet\Unity.VisualScripting.YamlDotNet.dll
Symbol file LoadedFromMemory doesn't match image C:\Repos\TileVania\TileVania\Library\PackageCache\com.unity.visualscripting@1.7.8\Editor\VisualScripting.Core\Dependencies\DotNetZip\Unity.VisualScripting.IonicZip.dll
Native extension for UWP target not found
Native extension for WindowsStandalone target not found
Native extension for Android target not found
Native extension for WebGL target not found
Refreshing native plugins compatible for Editor in 0.72 ms, found 4 plugins.
Preloading 0 native plugins for Editor in 0.00 ms.
Mono: successfully reloaded assembly
- Completed reload, in  0.884 seconds
Domain Reload Profiling:
	ReloadAssembly (885ms)
		BeginReloadAssembly (113ms)
			ExecutionOrderSort (0ms)
			DisableScriptedObjects (5ms)
			BackupInstance (0ms)
			ReleaseScriptingObjects (0ms)
			CreateAndSetChildDomain (38ms)
		EndReloadAssembly (689ms)
			LoadAssemblies (75ms)
			RebuildTransferFunctionScriptingTraits (0ms)
			SetupTypeCache (195ms)
			ReleaseScriptCaches (2ms)
			RebuildScriptCaches (42ms)
			SetupLoadedEditorAssemblies (324ms)
				LogAssemblyErrors (0ms)
				InitializePlatformSupportModulesInManaged (23ms)
				SetLoadedEditorAssemblies (0ms)
				RefreshPlugins (1ms)
				BeforeProcessingInitializeOnLoad (75ms)
				ProcessInitializeOnLoadAttributes (181ms)
				ProcessInitializeOnLoadMethodAttributes (35ms)
				AfterProcessingInitializeOnLoad (8ms)
				EditorAssembliesLoaded (0ms)
			ExecutionOrderSort2 (0ms)
			AwakeInstancesAfterBackupRestoration (7ms)
Platform modules already initialized, skipping
Refreshing native plugins compatible for Editor in 2.16 ms, found 4 plugins.
Preloading 0 native plugins for Editor in 0.00 ms.
Unloading 4063 Unused Serialized files (Serialized files now loaded: 0)
Unloading 32 unused Assets / (195.9 KB). Loaded Objects now: 4565.
Memory consumption went from 155.9 MB to 155.7 MB.
Total: 3.770900 ms (FindLiveObjects: 0.319100 ms CreateObjectMapping: 0.168400 ms MarkObjects: 3.139500 ms  DeleteObjects: 0.143100 ms)

AssetImportParameters requested are different than current active one (requested -> active):
  custom:video-decoder-ogg-theora: a1e56fd34408186e4bbccfd4996cb3dc -> 
  custom:container-muxer-webm: aa71ff27fc2769a1b78a27578f13a17b -> 
  custom:container-demuxer-webm: 4f35f7cbe854078d1ac9338744f61a02 -> 
  custom:video-encoder-webm-vp8: eb34c28f22e8b96e1ab97ce403110664 -> 
  custom:audio-encoder-webm-vorbis: bf7c407c2cedff20999df2af8eb42d56 -> 
  custom:framework-win-MediaFoundation: 216162199b28c13a410421893ffa2e32 -> 
  custom:container-demuxer-ogg: 62fdf1f143b41e24485cea50d1cbac27 -> 
  custom:video-decoder-webm-vp8: 9c59270c3fd7afecdb556c50c9e8de78 -> 
  custom:audio-decoder-ogg-vorbis: bf7c407c2cedff20999df2af8eb42d56 -> 
========================================================================
Received Import Request.
  Time since last request: 305.162185 seconds.
  path: Assets/_Sprites/New Rule Tile.asset
  artifactKey: Guid(fa0279f00a04e0a43954d010863a2a26) Importer(815301076,1909f56bfc062723c751e8b465ee728b)
Start importing Assets/_Sprites/New Rule Tile.asset using Guid(fa0279f00a04e0a43954d010863a2a26) Importer(815301076,1909f56bfc062723c751e8b465ee728b)  -> (artifact id: 'c25634363b2249abda407853611bbbb1') in 0.037896 seconds 
========================================================================
Received Import Request.
  Time since last request: 7.123374 seconds.
  path: Assets/_Sprites/Rule tile.asset
  artifactKey: Guid(fa0279f00a04e0a43954d010863a2a26) Importer(815301076,1909f56bfc062723c751e8b465ee728b)
Start importing Assets/_Sprites/Rule tile.asset using Guid(fa0279f00a04e0a43954d010863a2a26) Importer(815301076,1909f56bfc062723c751e8b465ee728b)  -> (artifact id: 'f033000c7534354a55c24dc07c9bc19f') in 0.006480 seconds 
========================================================================
Received Import Request.
  Time since last request: 2106.749834 seconds.
  path: Assets/Scenes/SampleScene.unity
  artifactKey: Guid(2cda990e2423bbf4892e6590ba056729) Importer(815301076,1909f56bfc062723c751e8b465ee728b)
Start importing Assets/Scenes/SampleScene.unity using Guid(2cda990e2423bbf4892e6590ba056729) Importer(815301076,1909f56bfc062723c751e8b465ee728b)  -> (artifact id: 'e5704e27812d40cd4e955571368dccc8') in 0.002535 seconds 
========================================================================
Received Import Request.
  Time since last request: 6.533978 seconds.
  path: Assets/Scenes/Level 1.unity
  artifactKey: Guid(2cda990e2423bbf4892e6590ba056729) Importer(815301076,1909f56bfc062723c751e8b465ee728b)
Start importing Assets/Scenes/Level 1.unity using Guid(2cda990e2423bbf4892e6590ba056729) Importer(815301076,1909f56bfc062723c751e8b465ee728b)  -> (artifact id: '5fe026eb2fccee0997ebeaa68e44ffd0') in 0.002152 seconds 
