Using pre-set license
Built from '2021.3/staging' branch; Version is '2021.3.10f1 (1c7d0df0160b) revision 1867021'; Using compiler version '192829333'; Build Type 'Release'
OS: 'Windows 10  (10.0.19044) 64bit CoreSingleLanguage' Language: 'es' Physical Memory: 16085 MB
BatchMode: 1, IsHumanControllingUs: 0, StartBugReporterOnCrash: 0, Is64bit: 1, IsPro: 1

COMMAND LINE ARGUMENTS:
C:\Program Files\Unity\Hub\Editor\2021.3.10f1\Editor\Unity.exe
-adb2
-batchMode
-noUpm
-name
AssetImportWorker2
-projectPath
C:/Repos/TileVania/TileVania
-logFile
Logs/AssetImportWorker2.log
-srvPort
60267
Successfully changed project path to: C:/Repos/TileVania/TileVania
C:/Repos/TileVania/TileVania
[UnityMemory] Configuration Parameters - Can be set up in boot.config
    "memorysetup-bucket-allocator-granularity=16"
    "memorysetup-bucket-allocator-bucket-count=8"
    "memorysetup-bucket-allocator-block-size=33554432"
    "memorysetup-bucket-allocator-block-count=8"
    "memorysetup-main-allocator-block-size=16777216"
    "memorysetup-thread-allocator-block-size=16777216"
    "memorysetup-gfx-main-allocator-block-size=16777216"
    "memorysetup-gfx-thread-allocator-block-size=16777216"
    "memorysetup-cache-allocator-block-size=4194304"
    "memorysetup-typetree-allocator-block-size=2097152"
    "memorysetup-profiler-bucket-allocator-granularity=16"
    "memorysetup-profiler-bucket-allocator-bucket-count=8"
    "memorysetup-profiler-bucket-allocator-block-size=33554432"
    "memorysetup-profiler-bucket-allocator-block-count=8"
    "memorysetup-profiler-allocator-block-size=16777216"
    "memorysetup-profiler-editor-allocator-block-size=1048576"
    "memorysetup-temp-allocator-size-main=16777216"
    "memorysetup-job-temp-allocator-block-size=2097152"
    "memorysetup-job-temp-allocator-block-size-background=1048576"
    "memorysetup-job-temp-allocator-reduction-small-platforms=262144"
    "memorysetup-temp-allocator-size-background-worker=32768"
    "memorysetup-temp-allocator-size-job-worker=262144"
    "memorysetup-temp-allocator-size-preload-manager=33554432"
    "memorysetup-temp-allocator-size-nav-mesh-worker=65536"
    "memorysetup-temp-allocator-size-audio-worker=65536"
    "memorysetup-temp-allocator-size-cloud-worker=32768"
    "memorysetup-temp-allocator-size-gi-baking-worker=262144"
    "memorysetup-temp-allocator-size-gfx=262144"
Refreshing native plugins compatible for Editor in 72.21 ms, found 4 plugins.
Preloading 0 native plugins for Editor in 0.00 ms.
Initialize engine version: 2021.3.10f1 (1c7d0df0160b)
[Subsystems] Discovering subsystems at path C:/Program Files/Unity/Hub/Editor/2021.3.10f1/Editor/Data/Resources/UnitySubsystems
[Subsystems] Discovering subsystems at path C:/Repos/TileVania/TileVania/Assets
GfxDevice: creating device client; threaded=0; jobified=0
Direct3D:
    Version:  Direct3D 11.0 [level 11.1]
    Renderer: NVIDIA GeForce RTX 3050 Ti Laptop GPU (ID=0x25a0)
    Vendor:   NVIDIA
    VRAM:     3990 MB
    Driver:   31.0.15.1748
Initialize mono
Mono path[0] = 'C:/Program Files/Unity/Hub/Editor/2021.3.10f1/Editor/Data/Managed'
Mono path[1] = 'C:/Program Files/Unity/Hub/Editor/2021.3.10f1/Editor/Data/MonoBleedingEdge/lib/mono/unityjit-win32'
Mono config path = 'C:/Program Files/Unity/Hub/Editor/2021.3.10f1/Editor/Data/MonoBleedingEdge/etc'
Using monoOptions --debugger-agent=transport=dt_socket,embedding=1,server=y,suspend=n,address=127.0.0.1:56724
Begin MonoManager ReloadAssembly
Registering precompiled unity dll's ...
Register platform support module: C:/Program Files/Unity/Hub/Editor/2021.3.10f1/Editor/Data/PlaybackEngines/WebGLSupport/UnityEditor.WebGL.Extensions.dll
Register platform support module: C:/Program Files/Unity/Hub/Editor/2021.3.10f1/Editor/Data/PlaybackEngines/AndroidPlayer/UnityEditor.Android.Extensions.dll
Register platform support module: C:/Program Files/Unity/Hub/Editor/2021.3.10f1/Editor/Data/PlaybackEngines/WindowsStandaloneSupport/UnityEditor.WindowsStandalone.Extensions.dll
Register platform support module: C:/Program Files/Unity/Hub/Editor/2021.3.10f1/Editor/Data/PlaybackEngines/MetroSupport/UnityEditor.UWP.Extensions.dll
Registered in 0.007158 seconds.
Native extension for UWP target not found
Native extension for WindowsStandalone target not found
Native extension for Android target not found
Native extension for WebGL target not found
Refreshing native plugins compatible for Editor in 68.27 ms, found 4 plugins.
Preloading 0 native plugins for Editor in 0.00 ms.
Mono: successfully reloaded assembly
- Completed reload, in  0.501 seconds
Domain Reload Profiling:
	ReloadAssembly (502ms)
		BeginReloadAssembly (54ms)
			ExecutionOrderSort (0ms)
			DisableScriptedObjects (0ms)
			BackupInstance (0ms)
			ReleaseScriptingObjects (0ms)
			CreateAndSetChildDomain (1ms)
		EndReloadAssembly (365ms)
			LoadAssemblies (52ms)
			RebuildTransferFunctionScriptingTraits (0ms)
			SetupTypeCache (81ms)
			ReleaseScriptCaches (0ms)
			RebuildScriptCaches (21ms)
			SetupLoadedEditorAssemblies (224ms)
				LogAssemblyErrors (0ms)
				InitializePlatformSupportModulesInManaged (44ms)
				SetLoadedEditorAssemblies (0ms)
				RefreshPlugins (68ms)
				BeforeProcessingInitializeOnLoad (1ms)
				ProcessInitializeOnLoadAttributes (77ms)
				ProcessInitializeOnLoadMethodAttributes (33ms)
				AfterProcessingInitializeOnLoad (0ms)
				EditorAssembliesLoaded (0ms)
			ExecutionOrderSort2 (0ms)
			AwakeInstancesAfterBackupRestoration (0ms)
Platform modules already initialized, skipping
Registering precompiled user dll's ...
Registered in 0.006058 seconds.
Begin MonoManager ReloadAssembly
Symbol file LoadedFromMemory doesn't match image C:\Repos\TileVania\TileVania\Library\PackageCache\com.unity.visualscripting@1.7.8\Editor\VisualScripting.Core\Dependencies\YamlDotNet\Unity.VisualScripting.YamlDotNet.dll
Symbol file LoadedFromMemory doesn't match image C:\Repos\TileVania\TileVania\Library\PackageCache\com.unity.visualscripting@1.7.8\Editor\VisualScripting.Core\Dependencies\DotNetZip\Unity.VisualScripting.IonicZip.dll
Native extension for UWP target not found
Native extension for WindowsStandalone target not found
Native extension for Android target not found
Native extension for WebGL target not found
Refreshing native plugins compatible for Editor in 77.84 ms, found 4 plugins.
Preloading 0 native plugins for Editor in 0.00 ms.
Mono: successfully reloaded assembly
- Completed reload, in  1.008 seconds
Domain Reload Profiling:
	ReloadAssembly (1009ms)
		BeginReloadAssembly (190ms)
			ExecutionOrderSort (0ms)
			DisableScriptedObjects (4ms)
			BackupInstance (0ms)
			ReleaseScriptingObjects (0ms)
			CreateAndSetChildDomain (120ms)
		EndReloadAssembly (734ms)
			LoadAssemblies (67ms)
			RebuildTransferFunctionScriptingTraits (0ms)
			SetupTypeCache (175ms)
			ReleaseScriptCaches (1ms)
			RebuildScriptCaches (44ms)
			SetupLoadedEditorAssemblies (415ms)
				LogAssemblyErrors (0ms)
				InitializePlatformSupportModulesInManaged (13ms)
				SetLoadedEditorAssemblies (0ms)
				RefreshPlugins (78ms)
				BeforeProcessingInitializeOnLoad (91ms)
				ProcessInitializeOnLoadAttributes (195ms)
				ProcessInitializeOnLoadMethodAttributes (32ms)
				AfterProcessingInitializeOnLoad (6ms)
				EditorAssembliesLoaded (0ms)
			ExecutionOrderSort2 (0ms)
			AwakeInstancesAfterBackupRestoration (4ms)
Platform modules already initialized, skipping
========================================================================
Worker process is ready to serve import requests
Launched and connected shader compiler UnityShaderCompiler.exe after 0.03 seconds
Refreshing native plugins compatible for Editor in 0.82 ms, found 4 plugins.
Preloading 0 native plugins for Editor in 0.00 ms.
Unloading 4068 Unused Serialized files (Serialized files now loaded: 0)
Unloading 44 unused Assets / (229.4 KB). Loaded Objects now: 4520.
Memory consumption went from 151.4 MB to 151.2 MB.
Total: 2.812500 ms (FindLiveObjects: 0.293900 ms CreateObjectMapping: 0.104300 ms MarkObjects: 2.283700 ms  DeleteObjects: 0.129800 ms)

AssetImportParameters requested are different than current active one (requested -> active):
  custom:video-decoder-ogg-theora: a1e56fd34408186e4bbccfd4996cb3dc -> 
  custom:container-muxer-webm: aa71ff27fc2769a1b78a27578f13a17b -> 
  custom:container-demuxer-webm: 4f35f7cbe854078d1ac9338744f61a02 -> 
  custom:video-encoder-webm-vp8: eb34c28f22e8b96e1ab97ce403110664 -> 
  custom:audio-encoder-webm-vorbis: bf7c407c2cedff20999df2af8eb42d56 -> 
  custom:framework-win-MediaFoundation: 216162199b28c13a410421893ffa2e32 -> 
  custom:container-demuxer-ogg: 62fdf1f143b41e24485cea50d1cbac27 -> 
  custom:video-decoder-webm-vp8: 9c59270c3fd7afecdb556c50c9e8de78 -> 
  custom:audio-decoder-ogg-vorbis: bf7c407c2cedff20999df2af8eb42d56 -> 
========================================================================
Received Import Request.
  Time since last request: 520106.686243 seconds.
  path: Assets/_Tiles/SPA_Rock_Grass_Water_23.asset
  artifactKey: Guid(8f337dcbec281c04fab6c363ef150838) Importer(815301076,1909f56bfc062723c751e8b465ee728b)
Start importing Assets/_Tiles/SPA_Rock_Grass_Water_23.asset using Guid(8f337dcbec281c04fab6c363ef150838) Importer(815301076,1909f56bfc062723c751e8b465ee728b)  -> (artifact id: 'bf95a61f2adc40d6d52ebe2c94e9f6ea') in 0.050123 seconds 
========================================================================
Received Import Request.
  Time since last request: 0.017985 seconds.
  path: Assets/_Tiles/SPA_Rock_Grass_Water_25.asset
  artifactKey: Guid(6151c6efb39ef2f428749d7d7b4adfef) Importer(815301076,1909f56bfc062723c751e8b465ee728b)
Start importing Assets/_Tiles/SPA_Rock_Grass_Water_25.asset using Guid(6151c6efb39ef2f428749d7d7b4adfef) Importer(815301076,1909f56bfc062723c751e8b465ee728b)  -> (artifact id: '84e3a08cc3e544b66c798e1ed7968c78') in 0.009417 seconds 
========================================================================
Received Import Request.
  Time since last request: 0.025278 seconds.
  path: Assets/_Tiles/SPA_Rock_Grass_Water_27.asset
  artifactKey: Guid(a70ed0a7d2244334aba16570cd64cf36) Importer(815301076,1909f56bfc062723c751e8b465ee728b)
Start importing Assets/_Tiles/SPA_Rock_Grass_Water_27.asset using Guid(a70ed0a7d2244334aba16570cd64cf36) Importer(815301076,1909f56bfc062723c751e8b465ee728b)  -> (artifact id: '5a061402d8ad88a897380f915e6db719') in 0.007343 seconds 
========================================================================
Received Import Request.
  Time since last request: 0.400407 seconds.
  path: Assets/_Tiles/SPA_Rock_Grass_Water_29.asset
  artifactKey: Guid(5eadadcac0617694b9d124e3aea5d197) Importer(815301076,1909f56bfc062723c751e8b465ee728b)
Start importing Assets/_Tiles/SPA_Rock_Grass_Water_29.asset using Guid(5eadadcac0617694b9d124e3aea5d197) Importer(815301076,1909f56bfc062723c751e8b465ee728b)  -> (artifact id: '396fce29961ca21ef3ccd2ff41d3e138') in 0.007751 seconds 
========================================================================
Received Import Request.
  Time since last request: 76.278972 seconds.
  path: Assets/_Audio/SFX Coin Pickup.ogg
  artifactKey: Guid(29932eb5d520e3f41a66c08e9fbd3540) Importer(815301076,1909f56bfc062723c751e8b465ee728b)
Start importing Assets/_Audio/SFX Coin Pickup.ogg using Guid(29932eb5d520e3f41a66c08e9fbd3540) Importer(815301076,1909f56bfc062723c751e8b465ee728b)  -> (artifact id: 'e6ca0fd2bdc4828c0ebdfcdc5863e523') in 0.057656 seconds 
========================================================================
Received Import Request.
  Time since last request: 2.100382 seconds.
  path: Assets/_Animations/State Driven Camera Blends.asset
  artifactKey: Guid(e9685c4ddb729104abb408c5146baa63) Importer(815301076,1909f56bfc062723c751e8b465ee728b)
Start importing Assets/_Animations/State Driven Camera Blends.asset using Guid(e9685c4ddb729104abb408c5146baa63) Importer(815301076,1909f56bfc062723c751e8b465ee728b)  -> (artifact id: 'de94526b37f7295001634e8182c98599') in 0.002670 seconds 
========================================================================
Received Import Request.
  Time since last request: 1381.621063 seconds.
  path: Assets/_Animations/Climbing.anim
  artifactKey: Guid(1d677c8a16258a84d96c2f285ecf882f) Importer(815301076,1909f56bfc062723c751e8b465ee728b)
Start importing Assets/_Animations/Climbing.anim using Guid(1d677c8a16258a84d96c2f285ecf882f) Importer(815301076,1909f56bfc062723c751e8b465ee728b)  -> (artifact id: 'db1e363c5712f4bf8bf2f5f3af84ce7b') in 0.004203 seconds 
========================================================================
Received Import Request.
  Time since last request: 1.198280 seconds.
  path: Assets/_Animations/Coin Spin.anim
  artifactKey: Guid(3c9ee7f3d0d2f534a9011d990ae38233) Importer(815301076,1909f56bfc062723c751e8b465ee728b)
Start importing Assets/_Animations/Coin Spin.anim using Guid(3c9ee7f3d0d2f534a9011d990ae38233) Importer(815301076,1909f56bfc062723c751e8b465ee728b)  -> (artifact id: '84d926809073366bfc59d4f694881302') in 0.002595 seconds 
========================================================================
Received Import Request.
  Time since last request: 1.125169 seconds.
  path: Assets/_Animations/Coin.controller
  artifactKey: Guid(6007172d38a3784439935b81e3f5c568) Importer(815301076,1909f56bfc062723c751e8b465ee728b)
Start importing Assets/_Animations/Coin.controller using Guid(6007172d38a3784439935b81e3f5c568) Importer(815301076,1909f56bfc062723c751e8b465ee728b)  -> (artifact id: 'f08828c163cafdd168c90b4d06d14385') in 0.004850 seconds 
========================================================================
Received Import Request.
  Time since last request: 1.258136 seconds.
  path: Assets/_Animations/Dying.anim
  artifactKey: Guid(0d8b312d3e29f054bab77ac89e90eb98) Importer(815301076,1909f56bfc062723c751e8b465ee728b)
Start importing Assets/_Animations/Dying.anim using Guid(0d8b312d3e29f054bab77ac89e90eb98) Importer(815301076,1909f56bfc062723c751e8b465ee728b)  -> (artifact id: '205547ba0005be188366a2a3bc8065b5') in 0.002838 seconds 
========================================================================
Received Import Request.
  Time since last request: 2.271807 seconds.
  path: Assets/_Animations/Enemy.controller
  artifactKey: Guid(9f7f1da64963c2541a0c9a591f3658b8) Importer(815301076,1909f56bfc062723c751e8b465ee728b)
Start importing Assets/_Animations/Enemy.controller using Guid(9f7f1da64963c2541a0c9a591f3658b8) Importer(815301076,1909f56bfc062723c751e8b465ee728b)  -> (artifact id: 'ecf4b226bf1d8823c39cd8474cdd9145') in 0.002976 seconds 
========================================================================
Received Import Request.
  Time since last request: 0.873888 seconds.
  path: Assets/_Animations/Player.controller
  artifactKey: Guid(78474b30918fe9b409af7d187d44033e) Importer(815301076,1909f56bfc062723c751e8b465ee728b)
Start importing Assets/_Animations/Player.controller using Guid(78474b30918fe9b409af7d187d44033e) Importer(815301076,1909f56bfc062723c751e8b465ee728b)  -> (artifact id: '5c4f5d633f7faf9749e098e03ad5d109') in 0.003994 seconds 
========================================================================
Received Import Request.
  Time since last request: 657.784552 seconds.
  path: Assets/_Tiles/Platforms Palette.prefab
  artifactKey: Guid(2c86f25cce8cfaa46a7bb91a66cf435b) Importer(815301076,1909f56bfc062723c751e8b465ee728b)
Start importing Assets/_Tiles/Platforms Palette.prefab using Guid(2c86f25cce8cfaa46a7bb91a66cf435b) Importer(815301076,1909f56bfc062723c751e8b465ee728b)  -> (artifact id: '2582ad4ce8ef62078c5b84f966168458') in 0.029440 seconds 
========================================================================
Received Import Request.
  Time since last request: 73.908683 seconds.
  path: Assets/_Tiles/SPA_Background brown tint_1.asset
  artifactKey: Guid(1010b64030e93214fb063d8fb2e81234) Importer(815301076,1909f56bfc062723c751e8b465ee728b)
Start importing Assets/_Tiles/SPA_Background brown tint_1.asset using Guid(1010b64030e93214fb063d8fb2e81234) Importer(815301076,1909f56bfc062723c751e8b465ee728b)  -> (artifact id: '45923d5506f23c2cace29044f151a46e') in 0.009780 seconds 
========================================================================
Received Import Request.
  Time since last request: 0.000020 seconds.
  path: Assets/_Tiles/SPA_Background brown tint_5.asset
  artifactKey: Guid(86a3a662b494a9e449731c72b922f39c) Importer(815301076,1909f56bfc062723c751e8b465ee728b)
Start importing Assets/_Tiles/SPA_Background brown tint_5.asset using Guid(86a3a662b494a9e449731c72b922f39c) Importer(815301076,1909f56bfc062723c751e8b465ee728b)  -> (artifact id: '819210d3dd28cbe491b61161ca1da7bb') in 0.011403 seconds 
========================================================================
Received Import Request.
  Time since last request: 0.000022 seconds.
  path: Assets/_Tiles/SPA_Background brown tint_6.asset
  artifactKey: Guid(667ddf381560162429bca6a9ee174d12) Importer(815301076,1909f56bfc062723c751e8b465ee728b)
Start importing Assets/_Tiles/SPA_Background brown tint_6.asset using Guid(667ddf381560162429bca6a9ee174d12) Importer(815301076,1909f56bfc062723c751e8b465ee728b)  -> (artifact id: 'ba6039bae41fdf390e6e5b4161f294bd') in 0.009112 seconds 
========================================================================
Received Import Request.
  Time since last request: 0.000024 seconds.
  path: Assets/_Tiles/SPA_Background brown tint_4.asset
  artifactKey: Guid(542bf5501d3dc17429f62a1c29c036f8) Importer(815301076,1909f56bfc062723c751e8b465ee728b)
Start importing Assets/_Tiles/SPA_Background brown tint_4.asset using Guid(542bf5501d3dc17429f62a1c29c036f8) Importer(815301076,1909f56bfc062723c751e8b465ee728b)  -> (artifact id: '192d7181415ec6774da83d1a84f38e83') in 0.008933 seconds 
========================================================================
Received Import Request.
  Time since last request: 0.760513 seconds.
  path: Assets/_Tiles/SPA_Background brown tint_9.asset
  artifactKey: Guid(48295ff6250fcb74d977548882820abe) Importer(815301076,1909f56bfc062723c751e8b465ee728b)
Start importing Assets/_Tiles/SPA_Background brown tint_9.asset using Guid(48295ff6250fcb74d977548882820abe) Importer(815301076,1909f56bfc062723c751e8b465ee728b)  -> (artifact id: '8412c6381ce25a3de2af36ee97cc94e0') in 0.006465 seconds 
========================================================================
Received Import Request.
  Time since last request: 0.018128 seconds.
  path: Assets/_Tiles/SPA_Background brown tint_10.asset
  artifactKey: Guid(2a260e1236414f743acb594b84242bf8) Importer(815301076,1909f56bfc062723c751e8b465ee728b)
Start importing Assets/_Tiles/SPA_Background brown tint_10.asset using Guid(2a260e1236414f743acb594b84242bf8) Importer(815301076,1909f56bfc062723c751e8b465ee728b)  -> (artifact id: 'e4a885c36b5a1e9cb7345a6fd633ba06') in 0.006266 seconds 
========================================================================
Received Import Request.
  Time since last request: 0.138560 seconds.
  path: Assets/_Tiles/SPA_Background brown tint_11.asset
  artifactKey: Guid(3e603755882160049a62e8333fa427fe) Importer(815301076,1909f56bfc062723c751e8b465ee728b)
Start importing Assets/_Tiles/SPA_Background brown tint_11.asset using Guid(3e603755882160049a62e8333fa427fe) Importer(815301076,1909f56bfc062723c751e8b465ee728b)  -> (artifact id: 'f5267143912b856f02d99382729b5f1b') in 0.006360 seconds 
========================================================================
Received Import Request.
  Time since last request: 0.047366 seconds.
  path: Assets/_Tiles/SPA_Background brown tint_12.asset
  artifactKey: Guid(ece3f2d37c95ccb48a81be53c0b5f2de) Importer(815301076,1909f56bfc062723c751e8b465ee728b)
Start importing Assets/_Tiles/SPA_Background brown tint_12.asset using Guid(ece3f2d37c95ccb48a81be53c0b5f2de) Importer(815301076,1909f56bfc062723c751e8b465ee728b)  -> (artifact id: 'f33dad21076cec42fd00784cabb0ab52') in 0.006412 seconds 
========================================================================
Received Import Request.
  Time since last request: 0.567451 seconds.
  path: Assets/_Tiles/SPA_Background brown tint_0.asset
  artifactKey: Guid(dccb8018bcb4a2348bd8b8c606f3342e) Importer(815301076,1909f56bfc062723c751e8b465ee728b)
Start importing Assets/_Tiles/SPA_Background brown tint_0.asset using Guid(dccb8018bcb4a2348bd8b8c606f3342e) Importer(815301076,1909f56bfc062723c751e8b465ee728b)  -> (artifact id: '7f6b3bd33cefffda84aac5fd4f0800b8') in 0.006022 seconds 
========================================================================
Received Import Request.
  Time since last request: 0.018757 seconds.
  path: Assets/_Tiles/Platforms Palette.prefab
  artifactKey: Guid(2c86f25cce8cfaa46a7bb91a66cf435b) Importer(815301076,1909f56bfc062723c751e8b465ee728b)
Start importing Assets/_Tiles/Platforms Palette.prefab using Guid(2c86f25cce8cfaa46a7bb91a66cf435b) Importer(815301076,1909f56bfc062723c751e8b465ee728b)  -> (artifact id: '129f3453763ed86e72efb45e83800479') in 0.015887 seconds 
========================================================================
Received Import Request.
  Time since last request: 5.463370 seconds.
  path: Assets/_Tiles/SPA_Background brown tint_14.asset
  artifactKey: Guid(1e88b40fc4d2845418c15e0b5fdb6687) Importer(815301076,1909f56bfc062723c751e8b465ee728b)
Start importing Assets/_Tiles/SPA_Background brown tint_14.asset using Guid(1e88b40fc4d2845418c15e0b5fdb6687) Importer(815301076,1909f56bfc062723c751e8b465ee728b)  -> (artifact id: '303d90b5db53e81eed11965c5dcc4a57') in 0.008668 seconds 
========================================================================
Received Import Request.
  Time since last request: 1068.402102 seconds.
  path: Assets/_Tiles/SPA_Rock_Grass_Water_4.asset
  artifactKey: Guid(c827a9ed3bf833f4983144f1e2cc2079) Importer(815301076,1909f56bfc062723c751e8b465ee728b)
Start importing Assets/_Tiles/SPA_Rock_Grass_Water_4.asset using Guid(c827a9ed3bf833f4983144f1e2cc2079) Importer(815301076,1909f56bfc062723c751e8b465ee728b)  -> (artifact id: 'f886bbf528ac6a727b7f113232922328') in 0.008947 seconds 
========================================================================
Received Import Request.
  Time since last request: 0.000021 seconds.
  path: Assets/_Tiles/SPA_Rock_Grass_Water_9.asset
  artifactKey: Guid(cb6a81445d6ce974181d396de46c62cf) Importer(815301076,1909f56bfc062723c751e8b465ee728b)
Start importing Assets/_Tiles/SPA_Rock_Grass_Water_9.asset using Guid(cb6a81445d6ce974181d396de46c62cf) Importer(815301076,1909f56bfc062723c751e8b465ee728b)  -> (artifact id: '6991f8e6da5ca5d2f42785ceb84f45f3') in 0.007286 seconds 
========================================================================
Received Import Request.
  Time since last request: 0.000018 seconds.
  path: Assets/_Tiles/SPA_Rock_Grass_Water_6.asset
  artifactKey: Guid(f5dccedccb8c28b4ea61821791ff69eb) Importer(815301076,1909f56bfc062723c751e8b465ee728b)
Start importing Assets/_Tiles/SPA_Rock_Grass_Water_6.asset using Guid(f5dccedccb8c28b4ea61821791ff69eb) Importer(815301076,1909f56bfc062723c751e8b465ee728b)  -> (artifact id: '73d0d191b06ecf4c5e9566c5da23c165') in 0.006983 seconds 
========================================================================
Received Import Request.
  Time since last request: 0.000023 seconds.
  path: Assets/_Tiles/SPA_Rock_Grass_Water_8.asset
  artifactKey: Guid(c0b8cd9e07a91f041bb2269298f0a659) Importer(815301076,1909f56bfc062723c751e8b465ee728b)
Start importing Assets/_Tiles/SPA_Rock_Grass_Water_8.asset using Guid(c0b8cd9e07a91f041bb2269298f0a659) Importer(815301076,1909f56bfc062723c751e8b465ee728b)  -> (artifact id: '179a205c9f9fa15a4a333c7bf880eb37') in 0.006174 seconds 
========================================================================
Received Import Request.
  Time since last request: 37.208541 seconds.
  path: Assets/_Tiles/SPA_Rock_Grass_Water_26.asset
  artifactKey: Guid(94c5d7b431108b74faf39f90b5b60a14) Importer(815301076,1909f56bfc062723c751e8b465ee728b)
Start importing Assets/_Tiles/SPA_Rock_Grass_Water_26.asset using Guid(94c5d7b431108b74faf39f90b5b60a14) Importer(815301076,1909f56bfc062723c751e8b465ee728b)  -> (artifact id: '0d36e04bab64747efdba673c5badc995') in 0.008471 seconds 
========================================================================
Received Prepare
Registering precompiled user dll's ...
Registered in 0.006168 seconds.
Begin MonoManager ReloadAssembly
Symbol file LoadedFromMemory doesn't match image C:\Repos\TileVania\TileVania\Library\PackageCache\com.unity.visualscripting@1.7.8\Editor\VisualScripting.Core\Dependencies\YamlDotNet\Unity.VisualScripting.YamlDotNet.dll
Symbol file LoadedFromMemory doesn't match image C:\Repos\TileVania\TileVania\Library\PackageCache\com.unity.visualscripting@1.7.8\Editor\VisualScripting.Core\Dependencies\DotNetZip\Unity.VisualScripting.IonicZip.dll
Native extension for UWP target not found
Native extension for WindowsStandalone target not found
Native extension for Android target not found
Native extension for WebGL target not found
Refreshing native plugins compatible for Editor in 0.76 ms, found 4 plugins.
Preloading 0 native plugins for Editor in 0.00 ms.
Mono: successfully reloaded assembly
- Completed reload, in  0.887 seconds
Domain Reload Profiling:
	ReloadAssembly (887ms)
		BeginReloadAssembly (117ms)
			ExecutionOrderSort (0ms)
			DisableScriptedObjects (5ms)
			BackupInstance (0ms)
			ReleaseScriptingObjects (0ms)
			CreateAndSetChildDomain (41ms)
		EndReloadAssembly (688ms)
			LoadAssemblies (73ms)
			RebuildTransferFunctionScriptingTraits (0ms)
			SetupTypeCache (198ms)
			ReleaseScriptCaches (2ms)
			RebuildScriptCaches (41ms)
			SetupLoadedEditorAssemblies (321ms)
				LogAssemblyErrors (0ms)
				InitializePlatformSupportModulesInManaged (22ms)
				SetLoadedEditorAssemblies (0ms)
				RefreshPlugins (1ms)
				BeforeProcessingInitializeOnLoad (73ms)
				ProcessInitializeOnLoadAttributes (181ms)
				ProcessInitializeOnLoadMethodAttributes (35ms)
				AfterProcessingInitializeOnLoad (8ms)
				EditorAssembliesLoaded (0ms)
			ExecutionOrderSort2 (0ms)
			AwakeInstancesAfterBackupRestoration (7ms)
Platform modules already initialized, skipping
Refreshing native plugins compatible for Editor in 2.10 ms, found 4 plugins.
Preloading 0 native plugins for Editor in 0.00 ms.
Unloading 4063 Unused Serialized files (Serialized files now loaded: 0)
Unloading 31 unused Assets / (195.7 KB). Loaded Objects now: 4535.
Memory consumption went from 155.9 MB to 155.7 MB.
Total: 3.544300 ms (FindLiveObjects: 0.358100 ms CreateObjectMapping: 0.131800 ms MarkObjects: 2.891000 ms  DeleteObjects: 0.162300 ms)

AssetImportParameters requested are different than current active one (requested -> active):
  custom:video-decoder-ogg-theora: a1e56fd34408186e4bbccfd4996cb3dc -> 
  custom:container-muxer-webm: aa71ff27fc2769a1b78a27578f13a17b -> 
  custom:container-demuxer-webm: 4f35f7cbe854078d1ac9338744f61a02 -> 
  custom:video-encoder-webm-vp8: eb34c28f22e8b96e1ab97ce403110664 -> 
  custom:audio-encoder-webm-vorbis: bf7c407c2cedff20999df2af8eb42d56 -> 
  custom:framework-win-MediaFoundation: 216162199b28c13a410421893ffa2e32 -> 
  custom:container-demuxer-ogg: 62fdf1f143b41e24485cea50d1cbac27 -> 
  custom:video-decoder-webm-vp8: 9c59270c3fd7afecdb556c50c9e8de78 -> 
  custom:audio-decoder-ogg-vorbis: bf7c407c2cedff20999df2af8eb42d56 -> 
